<?xml version="1.0" encoding="UTF-8"?>
<robot generator="Robot 7.0.1 (Python 3.12.5 on win32)" generated="2024-08-08T00:57:07.479046" rpa="false" schemaversion="5">
<suite id="s1" name="Crm" source="D:\Udemy_RobotFramework\crm\tests\crm.robot">
<test id="s1-t1" name="Should be able to add new customer" line="12">
<kw name="Set Selenium Speed" owner="SeleniumLibrary">
<arg>.2s</arg>
<doc>Sets the delay that is waited after each Selenium command.</doc>
<status status="PASS" start="2024-08-08T00:57:07.825912" elapsed="0.000000"/>
</kw>
<kw name="Set Selenium Timeout" owner="SeleniumLibrary">
<arg>10s</arg>
<doc>Sets the timeout that is used by various keywords.</doc>
<status status="PASS" start="2024-08-08T00:57:07.826910" elapsed="0.000000"/>
</kw>
<kw name="Log" owner="BuiltIn">
<msg time="2024-08-08T00:57:07.827910" level="INFO">Starting the test case!</msg>
<arg>Starting the test case!</arg>
<doc>Logs the given message with the given level.</doc>
<status status="PASS" start="2024-08-08T00:57:07.827910" elapsed="0.000000"/>
</kw>
<kw name="Open Browser" owner="SeleniumLibrary">
<msg time="2024-08-08T00:57:07.828904" level="INFO">Opening browser 'chrome' to base url 'https://automationplayground.com/crm/'.</msg>
<arg>https://automationplayground.com/crm/</arg>
<arg>chrome</arg>
<doc>Opens a new browser instance to the optional ``url``.</doc>
<status status="PASS" start="2024-08-08T00:57:07.828904" elapsed="3.507552"/>
</kw>
<kw name="Maximize Browser Window" owner="SeleniumLibrary">
<doc>Maximizes current browser window.</doc>
<status status="PASS" start="2024-08-08T00:57:11.338486" elapsed="0.283804"/>
</kw>
<kw name="Page Should Contain" owner="SeleniumLibrary">
<msg time="2024-08-08T00:57:12.097469" level="INFO">Current page contains text 'Customers Are Priority One!'.</msg>
<arg>Customers Are Priority One!</arg>
<doc>Verifies that current page contains ``text``.</doc>
<status status="PASS" start="2024-08-08T00:57:11.623836" elapsed="0.473633"/>
</kw>
<kw name="Click Link" owner="SeleniumLibrary">
<msg time="2024-08-08T00:57:12.100462" level="INFO">Clicking link 'xpath=//a[@id='SignIn']'.</msg>
<arg>xpath=//a[@id='SignIn']</arg>
<doc>Clicks a link identified by ``locator``.</doc>
<status status="PASS" start="2024-08-08T00:57:12.099459" elapsed="1.158693"/>
</kw>
<kw name="Page Should Contain" owner="SeleniumLibrary">
<msg time="2024-08-08T00:57:13.724772" level="INFO">Current page contains text 'Login'.</msg>
<arg>Login</arg>
<doc>Verifies that current page contains ``text``.</doc>
<status status="PASS" start="2024-08-08T00:57:13.269134" elapsed="0.455638"/>
</kw>
<kw name="Input Text" owner="SeleniumLibrary">
<msg time="2024-08-08T00:57:13.727780" level="INFO">Typing text 'email@robotframeworktutorial.com' into text field 'id=email-id'.</msg>
<arg>id=email-id</arg>
<arg>email@robotframeworktutorial.com</arg>
<doc>Types the given ``text`` into the text field identified by ``locator``.</doc>
<status status="PASS" start="2024-08-08T00:57:13.726773" elapsed="0.975770"/>
</kw>
<kw name="Input Text" owner="SeleniumLibrary">
<msg time="2024-08-08T00:57:14.703541" level="INFO">Typing text 'qwe' into text field 'id=password'.</msg>
<arg>id=password</arg>
<arg>qwe</arg>
<doc>Types the given ``text`` into the text field identified by ``locator``.</doc>
<status status="PASS" start="2024-08-08T00:57:14.703541" elapsed="0.864021"/>
</kw>
<kw name="Click Button" owner="SeleniumLibrary">
<msg time="2024-08-08T00:57:15.568312" level="INFO">Clicking button 'id=submit-id'.</msg>
<arg>id=submit-id</arg>
<doc>Clicks the button identified by ``locator``.</doc>
<status status="PASS" start="2024-08-08T00:57:15.568312" elapsed="1.437381"/>
</kw>
<kw name="Page Should Contain" owner="SeleniumLibrary">
<msg time="2024-08-08T00:57:17.659580" level="INFO">Current page contains text 'Our Happy Customers'.</msg>
<arg>Our Happy Customers</arg>
<doc>Verifies that current page contains ``text``.</doc>
<status status="PASS" start="2024-08-08T00:57:17.005693" elapsed="0.653887"/>
</kw>
<kw name="Click Link" owner="SeleniumLibrary">
<msg time="2024-08-08T00:57:17.664634" level="INFO">Clicking link 'id=new-customer'.</msg>
<arg>id=new-customer</arg>
<doc>Clicks a link identified by ``locator``.</doc>
<status status="PASS" start="2024-08-08T00:57:17.662584" elapsed="1.458724"/>
</kw>
<kw name="Page Should Contain" owner="SeleniumLibrary">
<msg time="2024-08-08T00:57:19.602303" level="INFO">Current page contains text 'Add Customer'.</msg>
<arg>Add Customer</arg>
<doc>Verifies that current page contains ``text``.</doc>
<status status="PASS" start="2024-08-08T00:57:19.123298" elapsed="0.479005"/>
</kw>
<kw name="Input Text" owner="SeleniumLibrary">
<msg time="2024-08-08T00:57:19.604297" level="INFO">Typing text 'Dao@gmail.com' into text field 'id=EmailAddress'.</msg>
<arg>id=EmailAddress</arg>
<arg>Dao@gmail.com</arg>
<doc>Types the given ``text`` into the text field identified by ``locator``.</doc>
<status status="PASS" start="2024-08-08T00:57:19.603300" elapsed="0.773205"/>
</kw>
<kw name="Input Text" owner="SeleniumLibrary">
<msg time="2024-08-08T00:57:20.381492" level="INFO">Typing text 'Dao' into text field 'id=FirstName'.</msg>
<arg>id=FirstName</arg>
<arg>Dao</arg>
<doc>Types the given ``text`` into the text field identified by ``locator``.</doc>
<status status="PASS" start="2024-08-08T00:57:20.380496" elapsed="0.791827"/>
</kw>
<kw name="Input Text" owner="SeleniumLibrary">
<msg time="2024-08-08T00:57:21.173321" level="INFO">Typing text 'Dinh' into text field 'id=LastName'.</msg>
<arg>id=LastName</arg>
<arg>Dinh</arg>
<doc>Types the given ``text`` into the text field identified by ``locator``.</doc>
<status status="PASS" start="2024-08-08T00:57:21.172323" elapsed="0.730098"/>
</kw>
<kw name="Input Text" owner="SeleniumLibrary">
<msg time="2024-08-08T00:57:21.903419" level="INFO">Typing text 'Atlanta' into text field 'id=City'.</msg>
<arg>id=City</arg>
<arg>Atlanta</arg>
<doc>Types the given ``text`` into the text field identified by ``locator``.</doc>
<status status="PASS" start="2024-08-08T00:57:21.902421" elapsed="0.887936"/>
</kw>
<kw name="Select From List By Value" owner="SeleniumLibrary">
<msg time="2024-08-08T00:57:22.796048" level="INFO">Selecting options from selection list 'id=StateOrRegion' by value GA.</msg>
<arg>id=StateOrRegion</arg>
<arg>GA</arg>
<doc>Selects options from selection list ``locator`` by ``values``.</doc>
<status status="PASS" start="2024-08-08T00:57:22.794053" elapsed="1.905631"/>
</kw>
<kw name="Select Radio Button" owner="SeleniumLibrary">
<msg time="2024-08-08T00:57:24.701680" level="INFO">Selecting 'female' from radio button 'gender'.</msg>
<arg>gender</arg>
<arg>female</arg>
<doc>Sets the radio button group ``group_name`` to ``value``.</doc>
<status status="PASS" start="2024-08-08T00:57:24.700683" elapsed="0.719744"/>
</kw>
<kw name="Select Checkbox" owner="SeleniumLibrary">
<msg time="2024-08-08T00:57:25.420427" level="INFO">Selecting checkbox 'name=promos-name'.</msg>
<arg>name=promos-name</arg>
<doc>Selects the checkbox identified by ``locator``.</doc>
<status status="PASS" start="2024-08-08T00:57:25.420427" elapsed="1.175007"/>
</kw>
<kw name="Click Button" owner="SeleniumLibrary">
<msg time="2024-08-08T00:57:26.596104" level="INFO">Clicking button 'Submit'.</msg>
<arg>Submit</arg>
<doc>Clicks the button identified by ``locator``.</doc>
<status status="PASS" start="2024-08-08T00:57:26.596104" elapsed="1.218067"/>
</kw>
<kw name="Wait Until Page Contains" owner="SeleniumLibrary">
<arg>Success! New customer added.</arg>
<doc>Waits until ``text`` appears on the current page.</doc>
<status status="PASS" start="2024-08-08T00:57:27.814171" elapsed="0.217459"/>
</kw>
<kw name="Sleep" owner="BuiltIn">
<msg time="2024-08-08T00:57:31.031958" level="INFO">Slept 3 seconds.</msg>
<arg>3s</arg>
<doc>Pauses the test executed for the given time.</doc>
<status status="PASS" start="2024-08-08T00:57:28.031630" elapsed="3.000328"/>
</kw>
<kw name="Close Browser" owner="SeleniumLibrary">
<doc>Closes the current browser.</doc>
<status status="PASS" start="2024-08-08T00:57:31.033543" elapsed="2.442784"/>
</kw>
<doc>This is some basic infor about the TEST</doc>
<tag>1006</tag>
<tag>Contacts</tag>
<tag>Smoke</tag>
<status status="PASS" start="2024-08-08T00:57:07.823915" elapsed="25.655396"/>
</test>
<doc>This is some basic info about the whole suite</doc>
<status status="PASS" start="2024-08-08T00:57:07.482040" elapsed="26.001261"/>
</suite>
<statistics>
<total>
<stat pass="1" fail="0" skip="0">All Tests</stat>
</total>
<tag>
<stat pass="1" fail="0" skip="0">1006</stat>
<stat pass="1" fail="0" skip="0">Contacts</stat>
<stat pass="1" fail="0" skip="0">Smoke</stat>
</tag>
<suite>
<stat pass="1" fail="0" skip="0" id="s1" name="Crm">Crm</stat>
</suite>
</statistics>
<errors>
</errors>
</robot>
